0 verbose cli D:\Program Files\nodejs\node.exe C:\Users\kimson\AppData\Roaming\npm\node_modules\npm\bin\npm-cli.js
1 info using npm@11.10.1
2 info using node@v24.13.1
3 silly config load:file:C:\Users\kimson\AppData\Roaming\npm\node_modules\npm\npmrc
4 silly config load:file:C:\Users\kimson\OneDrive\Desktop\eventflow (1)\eventflow\backend\.npmrc
5 silly config load:file:C:\Users\kimson\.npmrc
6 silly config load:file:C:\Users\kimson\AppData\Roaming\npm\etc\npmrc
7 verbose title npm install
8 verbose argv "install" "--cache" ".npm-cache"
9 verbose logfile logs-max:10 dir:C:\Users\kimson\OneDrive\Desktop\eventflow (1)\eventflow\backend\.npm-cache\_logs\2026-03-21T14_06_32_929Z-
10 verbose logfile C:\Users\kimson\OneDrive\Desktop\eventflow (1)\eventflow\backend\.npm-cache\_logs\2026-03-21T14_06_32_929Z-debug-0.log
11 silly logfile done cleaning log files
12 silly packumentCache heap:4496293888 maxSize:1124073472 maxEntrySize:562036736
13 silly idealTree buildDeps
14 verbose shrinkwrap failed to load node_modules/.package-lock.json missing from node_modules: node_modules/@swc/helpers
15 silly reify moves {}
16 silly audit bulk request {
16 silly audit   '@swc/helpers': [ '0.3.17' ],
16 silly audit   accepts: [ '1.3.8' ],
16 silly audit   negotiator: [ '0.6.3', '0.6.4' ],
16 silly audit   'ansi-regex': [ '5.0.1' ],
16 silly audit   'ansi-styles': [ '4.3.0' ],
16 silly audit   anymatch: [ '3.1.3' ],
16 silly audit   'append-field': [ '1.0.0' ],
16 silly audit   'array-buffer-byte-length': [ '1.0.2' ],
16 silly audit   'array-flatten': [ '1.1.1' ],
16 silly audit   'available-typed-arrays': [ '1.0.7' ],
16 silly audit   'balanced-match': [ '4.0.4' ],
16 silly audit   'base64-js': [ '1.5.1', '0.0.8' ],
16 silly audit   bcryptjs: [ '2.4.3' ],
16 silly audit   'binary-extensions': [ '2.3.0' ],
16 silly audit   'body-parser': [ '1.20.4' ],
16 silly audit   'brace-expansion': [ '5.0.4' ],
16 silly audit   braces: [ '3.0.3' ],
16 silly audit   brotli: [ '1.3.3' ],
16 silly audit   'buffer-equal-constant-time': [ '1.0.1' ],
16 silly audit   'buffer-from': [ '1.1.2' ],
16 silly audit   busboy: [ '1.6.0' ],
16 silly audit   bytes: [ '3.1.2' ],
16 silly audit   'call-bind': [ '1.0.8' ],
16 silly audit   'call-bind-apply-helpers': [ '1.0.2' ],
16 silly audit   'call-bound': [ '1.0.4' ],
16 silly audit   camelcase: [ '5.3.1' ],
16 silly audit   chokidar: [ '3.6.0' ],
16 silly audit   cliui: [ '6.0.0' ],
16 silly audit   clone: [ '2.1.2' ],
16 silly audit   cloudinary: [ '1.41.3' ],
16 silly audit   'cloudinary-core': [ '2.14.1' ],
16 silly audit   'color-convert': [ '2.0.1' ],
16 silly audit   'color-name': [ '1.1.4' ],
16 silly audit   compressible: [ '2.0.18' ],
16 silly audit   compression: [ '1.8.1' ],
16 silly audit   'concat-stream': [ '1.6.2' ],
16 silly audit   'content-disposition': [ '0.5.4' ],
16 silly audit   'content-type': [ '1.0.5' ],
16 silly audit   cookie: [ '0.7.2' ],
16 silly audit   'cookie-signature': [ '1.0.7' ],
16 silly audit   'core-js': [ '3.49.0' ],
16 silly audit   'core-util-is': [ '1.0.3' ],
16 silly audit   cors: [ '2.8.6' ],
16 silly audit   'crypto-js': [ '4.2.0' ],
16 silly audit   debug: [ '2.6.9', '4.4.3' ],
16 silly audit   decamelize: [ '1.2.0' ],
16 silly audit   'deep-equal': [ '2.2.3' ],
16 silly audit   'define-data-property': [ '1.1.4' ],
16 silly audit   'define-properties': [ '1.2.1' ],
16 silly audit   depd: [ '2.0.0' ],
16 silly audit   destroy: [ '1.2.0' ],
16 silly audit   dfa: [ '1.2.0' ],
16 silly audit   dijkstrajs: [ '1.0.3' ],
16 silly audit   dotenv: [ '16.6.1' ],
16 silly audit   'dunder-proto': [ '1.0.1' ],
16 silly audit   'ecdsa-sig-formatter': [ '1.0.11' ],
16 silly audit   'ee-first': [ '1.1.1' ],
16 silly audit   'emoji-regex': [ '8.0.0' ],
16 silly audit   encodeurl: [ '2.0.0' ],
16 silly audit   'es-define-property': [ '1.0.1' ],
16 silly audit   'es-errors': [ '1.3.0' ],
16 silly audit   'es-get-iterator': [ '1.1.3' ],
16 silly audit   'es-object-atoms': [ '1.1.1' ],
16 silly audit   'escape-html': [ '1.0.3' ],
16 silly audit   etag: [ '1.8.1' ],
16 silly audit   express: [ '4.22.1' ],
16 silly audit   'express-rate-limit': [ '7.5.1' ],
16 silly audit   'express-validator': [ '7.3.1' ],
16 silly audit   'fill-range': [ '7.1.1' ],
16 silly audit   finalhandler: [ '1.3.2' ],
16 silly audit   'find-up': [ '4.1.0' ],
16 silly audit   fontkit: [ '1.9.0' ],
16 silly audit   'for-each': [ '0.3.5' ],
16 silly audit   forwarded: [ '0.2.0' ],
16 silly audit   fresh: [ '0.5.2' ],
16 silly audit   fsevents: [ '2.3.3' ],
16 silly audit   'function-bind': [ '1.1.2' ],
16 silly audit   'functions-have-names': [ '1.2.3' ],
16 silly audit   'get-caller-file': [ '2.0.5' ],
16 silly audit   'get-intrinsic': [ '1.3.0' ],
16 silly audit   'get-proto': [ '1.0.1' ],
16 silly audit   'glob-parent': [ '5.1.2' ],
16 silly audit   gopd: [ '1.2.0' ],
16 silly audit   'has-bigints': [ '1.1.0' ],
16 silly audit   'has-flag': [ '3.0.0' ],
16 silly audit   'has-property-descriptors': [ '1.0.2' ],
16 silly audit   'has-symbols': [ '1.1.0' ],
16 silly audit   'has-tostringtag': [ '1.0.2' ],
16 silly audit   hasown: [ '2.0.2' ],
16 silly audit   helmet: [ '7.2.0' ],
16 silly audit   'http-errors': [ '2.0.1' ],
16 silly audit   'iconv-lite': [ '0.4.24' ],
16 silly audit   'ignore-by-default': [ '1.0.1' ],
16 silly audit   inherits: [ '2.0.4' ],
16 silly audit   'internal-slot': [ '1.1.0' ],
16 silly audit   'ipaddr.js': [ '1.9.1' ],
16 silly audit   'is-arguments': [ '1.2.0' ],
16 silly audit   'is-array-buffer': [ '3.0.5' ],
16 silly audit   'is-bigint': [ '1.1.0' ],
16 silly audit   'is-binary-path': [ '2.1.0' ],
16 silly audit   'is-boolean-object': [ '1.2.2' ],
16 silly audit   'is-callable': [ '1.2.7' ],
16 silly audit   'is-date-object': [ '1.1.0' ],
16 silly audit   'is-extglob': [ '2.1.1' ],
16 silly audit   'is-fullwidth-code-point': [ '3.0.0' ],
16 silly audit   'is-glob': [ '4.0.3' ],
16 silly audit   'is-map': [ '2.0.3' ],
16 silly audit   'is-number': [ '7.0.0' ],
16 silly audit   'is-number-object': [ '1.1.1' ],
16 silly audit   'is-regex': [ '1.2.1' ],
16 silly audit   'is-set': [ '2.0.3' ],
16 silly audit   'is-shared-array-buffer': [ '1.0.4' ],
16 silly audit   'is-string': [ '1.1.1' ],
16 silly audit   'is-symbol': [ '1.1.1' ],
16 silly audit   'is-weakmap': [ '2.0.2' ],
16 silly audit   'is-weakset': [ '2.0.4' ],
16 silly audit   isarray: [ '2.0.5', '1.0.0' ],
16 silly audit   'jpeg-exif': [ '1.1.4' ],
16 silly audit   jsonwebtoken: [ '9.0.3' ],
16 silly audit   ms: [ '2.1.3', '2.0.0' ],
16 silly audit   jwa: [ '2.0.1' ],
16 silly audit   jws: [ '4.0.1' ],
16 silly audit   linebreak: [ '1.1.0' ],
16 silly audit   'locate-path': [ '5.0.0' ],
16 silly audit   lodash: [ '4.17.23' ],
16 silly audit   'lodash.includes': [ '4.3.0' ],
16 silly audit   'lodash.isboolean': [ '3.0.3' ],
16 silly audit   'lodash.isinteger': [ '4.0.4' ],
16 silly audit   'lodash.isnumber': [ '3.0.3' ],
16 silly audit   'lodash.isplainobject': [ '4.0.6' ],
16 silly audit   'lodash.isstring': [ '4.0.1' ],
16 silly audit   'lodash.once': [ '4.1.1' ],
16 silly audit   'math-intrinsics': [ '1.1.0' ],
16 silly audit   'media-typer': [ '0.3.0' ],
16 silly audit   'merge-descriptors': [ '1.0.3' ],
16 silly audit   methods: [ '1.1.2' ],
16 silly audit   mime: [ '1.6.0' ],
16 silly audit   'mime-db': [ '1.54.0', '1.52.0' ],
16 silly audit   'mime-types': [ '2.1.35' ],
16 silly audit   minimatch: [ '10.2.4' ],
16 silly audit   minimist: [ '1.2.8' ],
16 silly audit   mkdirp: [ '0.5.6' ],
16 silly audit   multer: [ '1.4.5-lts.2' ],
16 silly audit   'multer-storage-cloudinary': [ '4.0.0' ],
16 silly audit   nodemailer: [ '6.10.1' ],
16 silly audit   nodemon: [ '3.1.14' ],
16 silly audit   'normalize-path': [ '3.0.0' ],
16 silly audit   'object-assign': [ '4.1.1' ],
16 silly audit   'object-inspect': [ '1.13.4' ],
16 silly audit   'object-is': [ '1.1.6' ],
16 silly audit   'object-keys': [ '1.1.1' ],
16 silly audit   'object.assign': [ '4.1.7' ],
16 silly audit   'on-finished': [ '2.4.1' ],
16 silly audit   'on-headers': [ '1.1.0' ],
16 silly audit   'p-limit': [ '2.3.0' ],
16 silly audit   'p-locate': [ '4.1.0' ],
16 silly audit   'p-try': [ '2.2.0' ],
16 silly audit   pako: [ '0.2.9' ],
16 silly audit   parseurl: [ '1.3.3' ],
16 silly audit   'path-exists': [ '4.0.0' ],
16 silly audit   'path-to-regexp': [ '0.1.12' ],
16 silly audit   pdfkit: [ '0.15.2' ],
16 silly audit   pg: [ '8.20.0' ],
16 silly audit   'pg-cloudflare': [ '1.3.0' ],
16 silly audit   'pg-connection-string': [ '2.12.0' ],
16 silly audit   'pg-int8': [ '1.0.1' ],
16 silly audit   'pg-pool': [ '3.13.0' ],
16 silly audit   'pg-protocol': [ '1.13.0' ],
16 silly audit   'pg-types': [ '2.2.0' ],
16 silly audit   pgpass: [ '1.0.5' ],
16 silly audit   picomatch: [ '2.3.1' ],
16 silly audit   'png-js': [ '1.0.0' ],
16 silly audit   pngjs: [ '5.0.0' ],
16 silly audit   'possible-typed-array-names': [ '1.1.0' ],
16 silly audit   'postgres-array': [ '2.0.0' ],
16 silly audit   'postgres-bytea': [ '1.0.1' ],
16 silly audit   'postgres-date': [ '1.0.7' ],
16 silly audit   'postgres-interval': [ '1.2.0' ],
16 silly audit   'process-nextick-args': [ '2.0.1' ],
16 silly audit   'proxy-addr': [ '2.0.7' ],
16 silly audit   'pstree.remy': [ '1.1.8' ],
16 silly audit   q: [ '1.5.1' ],
16 silly audit   qrcode: [ '1.5.4' ],
16 silly audit   qs: [ '6.14.2' ],
16 silly audit   'range-parser': [ '1.2.1' ],
16 silly audit   'raw-body': [ '2.5.3' ],
16 silly audit   'readable-stream': [ '2.3.8' ],
16 silly audit   'safe-buffer': [ '5.1.2', '5.2.1' ],
16 silly audit   readdirp: [ '3.6.0' ],
16 silly audit   'regexp.prototype.flags': [ '1.5.4' ],
16 silly audit   'require-directory': [ '2.1.1' ],
16 silly audit   'require-main-filename': [ '2.0.0' ],
16 silly audit   restructure: [ '2.0.1' ],
16 silly audit   'safe-regex-test': [ '1.1.0' ],
16 silly audit   'safer-buffer': [ '2.1.2' ],
16 silly audit   semver: [ '7.7.4' ],
16 silly audit   send: [ '0.19.2' ],
16 silly audit   'serve-static': [ '1.16.3' ],
16 silly audit   'set-blocking': [ '2.0.0' ],
16 silly audit   'set-function-length': [ '1.2.2' ],
16 silly audit   'set-function-name': [ '2.0.2' ],
16 silly audit   setprototypeof: [ '1.2.0' ],
16 silly audit   'side-channel': [ '1.1.0' ],
16 silly audit   'side-channel-list': [ '1.0.0' ],
16 silly audit   'side-channel-map': [ '1.0.1' ],
16 silly audit   'side-channel-weakmap': [ '1.0.2' ],
16 silly audit   'simple-update-notifier': [ '2.0.0' ],
16 silly audit   split2: [ '4.2.0' ],
16 silly audit   statuses: [ '2.0.2' ],
16 silly audit   'stop-iteration-iterator': [ '1.1.0' ],
16 silly audit   streamsearch: [ '1.1.0' ],
16 silly audit   string_decoder: [ '1.1.1' ],
16 silly audit   'string-width': [ '4.2.3' ],
16 silly audit   'strip-ansi': [ '6.0.1' ],
16 silly audit   'supports-color': [ '5.5.0' ],
16 silly audit   'tiny-inflate': [ '1.0.3' ],
16 silly audit   'to-regex-range': [ '5.0.1' ],
16 silly audit   toidentifier: [ '1.0.1' ],
16 silly audit   touch: [ '3.1.1' ],
16 silly audit   tslib: [ '2.8.1' ],
16 silly audit   'type-is': [ '1.6.18' ],
16 silly audit   typedarray: [ '0.0.6' ],
16 silly audit   undefsafe: [ '2.0.5' ],
16 silly audit   'unicode-properties': [ '1.4.1' ],
16 silly audit   'unicode-trie': [ '2.0.0' ],
16 silly audit   unpipe: [ '1.0.0' ],
16 silly audit   'util-deprecate': [ '1.0.2' ],
16 silly audit   'utils-merge': [ '1.0.1' ],
16 silly audit   uuid: [ '10.0.0' ],
16 silly audit   validator: [ '13.15.26' ],
16 silly audit   vary: [ '1.1.2' ],
16 silly audit   'which-boxed-primitive': [ '1.1.1' ],
16 silly audit   'which-collection': [ '1.0.2' ],
16 silly audit   'which-module': [ '2.0.1' ],
16 silly audit   'which-typed-array': [ '1.1.20' ],
16 silly audit   'wrap-ansi': [ '6.2.0' ],
16 silly audit   xtend: [ '4.0.2' ],
16 silly audit   y18n: [ '4.0.3' ],
16 silly audit   yargs: [ '15.4.1' ],
16 silly audit   'yargs-parser': [ '18.1.3' ]
16 silly audit }
17 http cache yargs-parser@https://registry.npmjs.org/yargs-parser/-/yargs-parser-18.1.3.tgz 2ms (cache hit)
18 http cache yargs@https://registry.npmjs.org/yargs/-/yargs-15.4.1.tgz 1ms (cache hit)
19 http cache xtend@https://registry.npmjs.org/xtend/-/xtend-4.0.2.tgz 1ms (cache hit)
20 http cache y18n@https://registry.npmjs.org/y18n/-/y18n-4.0.3.tgz 0ms (cache hit)
21 http cache wrap-ansi@https://registry.npmjs.org/wrap-ansi/-/wrap-ansi-6.2.0.tgz 0ms (cache hit)
22 http cache which-typed-array@https://registry.npmjs.org/which-typed-array/-/which-typed-array-1.1.20.tgz 0ms (cache hit)
23 http cache which-collection@https://registry.npmjs.org/which-collection/-/which-collection-1.0.2.tgz 0ms (cache hit)
24 http cache which-module@https://registry.npmjs.org/which-module/-/which-module-2.0.1.tgz 0ms (cache hit)
25 http cache which-boxed-primitive@https://registry.npmjs.org/which-boxed-primitive/-/which-boxed-primitive-1.1.1.tgz 0ms (cache hit)
26 http cache vary@https://registry.npmjs.org/vary/-/vary-1.1.2.tgz 0ms (cache hit)
27 http cache uuid@https://registry.npmjs.org/uuid/-/uuid-10.0.0.tgz 0ms (cache hit)
28 http cache validator@https://registry.npmjs.org/validator/-/validator-13.15.26.tgz 1ms (cache hit)
29 http cache utils-merge@https://registry.npmjs.org/utils-merge/-/utils-merge-1.0.1.tgz 0ms (cache hit)
30 http cache util-deprecate@https://registry.npmjs.org/util-deprecate/-/util-deprecate-1.0.2.tgz 0ms (cache hit)
31 http cache unpipe@https://registry.npmjs.org/unpipe/-/unpipe-1.0.0.tgz 0ms (cache hit)
32 http cache unicode-trie@https://registry.npmjs.org/unicode-trie/-/unicode-trie-2.0.0.tgz 0ms (cache hit)
33 http cache unicode-properties@https://registry.npmjs.org/unicode-properties/-/unicode-properties-1.4.1.tgz 0ms (cache hit)
34 http cache typedarray@https://registry.npmjs.org/typedarray/-/typedarray-0.0.6.tgz 0ms (cache hit)
35 http cache type-is@https://registry.npmjs.org/type-is/-/type-is-1.6.18.tgz 0ms (cache hit)
36 http cache undefsafe@https://registry.npmjs.org/undefsafe/-/undefsafe-2.0.5.tgz 0ms (cache hit)
37 http cache tslib@https://registry.npmjs.org/tslib/-/tslib-2.8.1.tgz 0ms (cache hit)
38 http cache touch@https://registry.npmjs.org/touch/-/touch-3.1.1.tgz 0ms (cache hit)
39 http cache toidentifier@https://registry.npmjs.org/toidentifier/-/toidentifier-1.0.1.tgz 0ms (cache hit)
40 http cache tiny-inflate@https://registry.npmjs.org/tiny-inflate/-/tiny-inflate-1.0.3.tgz 0ms (cache hit)
41 http cache supports-color@https://registry.npmjs.org/supports-color/-/supports-color-5.5.0.tgz 0ms (cache hit)
42 http cache strip-ansi@https://registry.npmjs.org/strip-ansi/-/strip-ansi-6.0.1.tgz 0ms (cache hit)
43 http cache to-regex-range@https://registry.npmjs.org/to-regex-range/-/to-regex-range-5.0.1.tgz 0ms (cache hit)
44 http cache string-width@https://registry.npmjs.org/string-width/-/string-width-4.2.3.tgz 0ms (cache hit)
45 http cache string_decoder@https://registry.npmjs.org/string_decoder/-/string_decoder-1.1.1.tgz 0ms (cache hit)
46 http cache statuses@https://registry.npmjs.org/statuses/-/statuses-2.0.2.tgz 0ms (cache hit)
47 http cache simple-update-notifier@https://registry.npmjs.org/simple-update-notifier/-/simple-update-notifier-2.0.0.tgz 0ms (cache hit)
48 http cache split2@https://registry.npmjs.org/split2/-/split2-4.2.0.tgz 0ms (cache hit)
49 http cache stop-iteration-iterator@https://registry.npmjs.org/stop-iteration-iterator/-/stop-iteration-iterator-1.1.0.tgz 0ms (cache hit)
50 http cache side-channel-list@https://registry.npmjs.org/side-channel-list/-/side-channel-list-1.0.0.tgz 1ms (cache hit)
51 http cache set-function-name@https://registry.npmjs.org/set-function-name/-/set-function-name-2.0.2.tgz 0ms (cache hit)
52 http cache streamsearch@https://registry.npmjs.org/streamsearch/-/streamsearch-1.1.0.tgz 0ms (cache hit)
53 http cache setprototypeof@https://registry.npmjs.org/setprototypeof/-/setprototypeof-1.2.0.tgz 0ms (cache hit)
54 http cache side-channel-weakmap@https://registry.npmjs.org/side-channel-weakmap/-/side-channel-weakmap-1.0.2.tgz 0ms (cache hit)
55 http cache set-function-length@https://registry.npmjs.org/set-function-length/-/set-function-length-1.2.2.tgz 0ms (cache hit)
56 http cache send@https://registry.npmjs.org/send/-/send-0.19.2.tgz 0ms (cache hit)
57 http cache set-blocking@https://registry.npmjs.org/set-blocking/-/set-blocking-2.0.0.tgz 0ms (cache hit)
58 http cache serve-static@https://registry.npmjs.org/serve-static/-/serve-static-1.16.3.tgz 0ms (cache hit)
59 http cache side-channel-map@https://registry.npmjs.org/side-channel-map/-/side-channel-map-1.0.1.tgz 0ms (cache hit)
60 http cache safer-buffer@https://registry.npmjs.org/safer-buffer/-/safer-buffer-2.1.2.tgz 0ms (cache hit)
61 http cache side-channel@https://registry.npmjs.org/side-channel/-/side-channel-1.1.0.tgz 0ms (cache hit)
62 http cache semver@https://registry.npmjs.org/semver/-/semver-7.7.4.tgz 0ms (cache hit)
63 http cache safe-buffer@https://registry.npmjs.org/safe-buffer/-/safe-buffer-5.2.1.tgz 0ms (cache hit)
64 http cache restructure@https://registry.npmjs.org/restructure/-/restructure-2.0.1.tgz 0ms (cache hit)
65 http cache readdirp@https://registry.npmjs.org/readdirp/-/readdirp-3.6.0.tgz 0ms (cache hit)
66 http cache safe-regex-test@https://registry.npmjs.org/safe-regex-test/-/safe-regex-test-1.1.0.tgz 0ms (cache hit)
67 http cache require-main-filename@https://registry.npmjs.org/require-main-filename/-/require-main-filename-2.0.0.tgz 0ms (cache hit)
68 http cache regexp.prototype.flags@https://registry.npmjs.org/regexp.prototype.flags/-/regexp.prototype.flags-1.5.4.tgz 0ms (cache hit)
69 http cache require-directory@https://registry.npmjs.org/require-directory/-/require-directory-2.1.1.tgz 0ms (cache hit)
70 http cache readable-stream@https://registry.npmjs.org/readable-stream/-/readable-stream-2.3.8.tgz 0ms (cache hit)
71 http cache raw-body@https://registry.npmjs.org/raw-body/-/raw-body-2.5.3.tgz 0ms (cache hit)
72 http cache range-parser@https://registry.npmjs.org/range-parser/-/range-parser-1.2.1.tgz 0ms (cache hit)
73 http cache proxy-addr@https://registry.npmjs.org/proxy-addr/-/proxy-addr-2.0.7.tgz 0ms (cache hit)
74 http cache qrcode@https://registry.npmjs.org/qrcode/-/qrcode-1.5.4.tgz 0ms (cache hit)
75 http cache q@https://registry.npmjs.org/q/-/q-1.5.1.tgz 0ms (cache hit)
76 http cache qs@https://registry.npmjs.org/qs/-/qs-6.14.2.tgz 0ms (cache hit)
77 http cache pstree.remy@https://registry.npmjs.org/pstree.remy/-/pstree.remy-1.1.8.tgz 0ms (cache hit)
78 http cache postgres-interval@https://registry.npmjs.org/postgres-interval/-/postgres-interval-1.2.0.tgz 0ms (cache hit)
79 http cache process-nextick-args@https://registry.npmjs.org/process-nextick-args/-/process-nextick-args-2.0.1.tgz 0ms (cache hit)
80 http cache postgres-date@https://registry.npmjs.org/postgres-date/-/postgres-date-1.0.7.tgz 0ms (cache hit)
81 http cache postgres-bytea@https://registry.npmjs.org/postgres-bytea/-/postgres-bytea-1.0.1.tgz 0ms (cache hit)
82 http cache possible-typed-array-names@https://registry.npmjs.org/possible-typed-array-names/-/possible-typed-array-names-1.1.0.tgz 0ms (cache hit)
83 http cache pngjs@https://registry.npmjs.org/pngjs/-/pngjs-5.0.0.tgz 0ms (cache hit)
84 http cache png-js@https://registry.npmjs.org/png-js/-/png-js-1.0.0.tgz 0ms (cache hit)
85 http cache picomatch@https://registry.npmjs.org/picomatch/-/picomatch-2.3.1.tgz 0ms (cache hit)
86 http cache pg-types@https://registry.npmjs.org/pg-types/-/pg-types-2.2.0.tgz 0ms (cache hit)
87 http cache pgpass@https://registry.npmjs.org/pgpass/-/pgpass-1.0.5.tgz 0ms (cache hit)
88 http cache pg-protocol@https://registry.npmjs.org/pg-protocol/-/pg-protocol-1.13.0.tgz 0ms (cache hit)
89 http cache postgres-array@https://registry.npmjs.org/postgres-array/-/postgres-array-2.0.0.tgz 0ms (cache hit)
90 http cache pg-pool@https://registry.npmjs.org/pg-pool/-/pg-pool-3.13.0.tgz 0ms (cache hit)
91 http cache pg-cloudflare@https://registry.npmjs.org/pg-cloudflare/-/pg-cloudflare-1.3.0.tgz 0ms (cache hit)
92 http cache pg-int8@https://registry.npmjs.org/pg-int8/-/pg-int8-1.0.1.tgz 0ms (cache hit)
93 http cache pg@https://registry.npmjs.org/pg/-/pg-8.20.0.tgz 0ms (cache hit)
94 http cache path-to-regexp@https://registry.npmjs.org/path-to-regexp/-/path-to-regexp-0.1.12.tgz 0ms (cache hit)
95 http cache pdfkit@https://registry.npmjs.org/pdfkit/-/pdfkit-0.15.2.tgz 0ms (cache hit)
96 http cache path-exists@https://registry.npmjs.org/path-exists/-/path-exists-4.0.0.tgz 0ms (cache hit)
97 http cache parseurl@https://registry.npmjs.org/parseurl/-/parseurl-1.3.3.tgz 0ms (cache hit)
98 http cache pako@https://registry.npmjs.org/pako/-/pako-0.2.9.tgz 0ms (cache hit)
99 http cache p-try@https://registry.npmjs.org/p-try/-/p-try-2.2.0.tgz 0ms (cache hit)
100 http cache p-locate@https://registry.npmjs.org/p-locate/-/p-locate-4.1.0.tgz 0ms (cache hit)
101 http cache on-finished@https://registry.npmjs.org/on-finished/-/on-finished-2.4.1.tgz 0ms (cache hit)
102 http cache p-limit@https://registry.npmjs.org/p-limit/-/p-limit-2.3.0.tgz 0ms (cache hit)
103 http cache object-is@https://registry.npmjs.org/object-is/-/object-is-1.1.6.tgz 0ms (cache hit)
104 http cache object-keys@https://registry.npmjs.org/object-keys/-/object-keys-1.1.1.tgz 0ms (cache hit)
105 http cache pg-connection-string@https://registry.npmjs.org/pg-connection-string/-/pg-connection-string-2.12.0.tgz 0ms (cache hit)
106 http cache object.assign@https://registry.npmjs.org/object.assign/-/object.assign-4.1.7.tgz 0ms (cache hit)
107 http cache on-headers@https://registry.npmjs.org/on-headers/-/on-headers-1.1.0.tgz 0ms (cache hit)
108 http cache normalize-path@https://registry.npmjs.org/normalize-path/-/normalize-path-3.0.0.tgz 0ms (cache hit)
109 http cache nodemon@https://registry.npmjs.org/nodemon/-/nodemon-3.1.14.tgz 0ms (cache hit)
110 http cache object-inspect@https://registry.npmjs.org/object-inspect/-/object-inspect-1.13.4.tgz 0ms (cache hit)
111 http cache nodemailer@https://registry.npmjs.org/nodemailer/-/nodemailer-6.10.1.tgz 0ms (cache hit)
112 http cache multer-storage-cloudinary@https://registry.npmjs.org/multer-storage-cloudinary/-/multer-storage-cloudinary-4.0.0.tgz 0ms (cache hit)
113 http cache multer@https://registry.npmjs.org/multer/-/multer-1.4.5-lts.2.tgz 0ms (cache hit)
114 http cache ms@https://registry.npmjs.org/ms/-/ms-2.0.0.tgz 0ms (cache hit)
115 http cache negotiator@https://registry.npmjs.org/negotiator/-/negotiator-0.6.4.tgz 1ms (cache hit)
116 http cache mkdirp@https://registry.npmjs.org/mkdirp/-/mkdirp-0.5.6.tgz 0ms (cache hit)
117 http cache minimist@https://registry.npmjs.org/minimist/-/minimist-1.2.8.tgz 0ms (cache hit)
118 http cache mime-types@https://registry.npmjs.org/mime-types/-/mime-types-2.1.35.tgz 0ms (cache hit)
119 http cache minimatch@https://registry.npmjs.org/minimatch/-/minimatch-10.2.4.tgz 0ms (cache hit)
120 http cache mime@https://registry.npmjs.org/mime/-/mime-1.6.0.tgz 0ms (cache hit)
121 http cache object-assign@https://registry.npmjs.org/object-assign/-/object-assign-4.1.1.tgz 0ms (cache hit)
122 http cache mime-db@https://registry.npmjs.org/mime-db/-/mime-db-1.54.0.tgz 0ms (cache hit)
123 http cache methods@https://registry.npmjs.org/methods/-/methods-1.1.2.tgz 0ms (cache hit)
124 http cache merge-descriptors@https://registry.npmjs.org/merge-descriptors/-/merge-descriptors-1.0.3.tgz 0ms (cache hit)
125 http cache math-intrinsics@https://registry.npmjs.org/math-intrinsics/-/math-intrinsics-1.1.0.tgz 0ms (cache hit)
126 http cache lodash.once@https://registry.npmjs.org/lodash.once/-/lodash.once-4.1.1.tgz 0ms (cache hit)
127 http cache lodash.isinteger@https://registry.npmjs.org/lodash.isinteger/-/lodash.isinteger-4.0.4.tgz 0ms (cache hit)
128 http cache lodash.isstring@https://registry.npmjs.org/lodash.isstring/-/lodash.isstring-4.0.1.tgz 0ms (cache hit)
129 http cache media-typer@https://registry.npmjs.org/media-typer/-/media-typer-0.3.0.tgz 0ms (cache hit)
130 http cache lodash.isnumber@https://registry.npmjs.org/lodash.isnumber/-/lodash.isnumber-3.0.3.tgz 0ms (cache hit)
131 http cache lodash.isboolean@https://registry.npmjs.org/lodash.isboolean/-/lodash.isboolean-3.0.3.tgz 0ms (cache hit)
132 http cache lodash.includes@https://registry.npmjs.org/lodash.includes/-/lodash.includes-4.3.0.tgz 0ms (cache hit)
133 http cache lodash@https://registry.npmjs.org/lodash/-/lodash-4.17.23.tgz 0ms (cache hit)
134 http cache linebreak@https://registry.npmjs.org/linebreak/-/linebreak-1.1.0.tgz 0ms (cache hit)
135 http cache locate-path@https://registry.npmjs.org/locate-path/-/locate-path-5.0.0.tgz 0ms (cache hit)
136 http cache jws@https://registry.npmjs.org/jws/-/jws-4.0.1.tgz 0ms (cache hit)
137 http cache jwa@https://registry.npmjs.org/jwa/-/jwa-2.0.1.tgz 0ms (cache hit)
138 http cache jpeg-exif@https://registry.npmjs.org/jpeg-exif/-/jpeg-exif-1.1.4.tgz 0ms (cache hit)
139 http cache jsonwebtoken@https://registry.npmjs.org/jsonwebtoken/-/jsonwebtoken-9.0.3.tgz 0ms (cache hit)
140 http cache isarray@https://registry.npmjs.org/isarray/-/isarray-2.0.5.tgz 0ms (cache hit)
141 http cache lodash.isplainobject@https://registry.npmjs.org/lodash.isplainobject/-/lodash.isplainobject-4.0.6.tgz 0ms (cache hit)
142 http cache is-symbol@https://registry.npmjs.org/is-symbol/-/is-symbol-1.1.1.tgz 0ms (cache hit)
143 http cache is-weakset@https://registry.npmjs.org/is-weakset/-/is-weakset-2.0.4.tgz 0ms (cache hit)
144 http cache is-set@https://registry.npmjs.org/is-set/-/is-set-2.0.3.tgz 0ms (cache hit)
145 http cache is-shared-array-buffer@https://registry.npmjs.org/is-shared-array-buffer/-/is-shared-array-buffer-1.0.4.tgz 0ms (cache hit)
146 http cache is-regex@https://registry.npmjs.org/is-regex/-/is-regex-1.2.1.tgz 0ms (cache hit)
147 http cache is-number-object@https://registry.npmjs.org/is-number-object/-/is-number-object-1.1.1.tgz 0ms (cache hit)
148 http cache is-number@https://registry.npmjs.org/is-number/-/is-number-7.0.0.tgz 0ms (cache hit)
149 http cache is-weakmap@https://registry.npmjs.org/is-weakmap/-/is-weakmap-2.0.2.tgz 0ms (cache hit)
150 http cache is-map@https://registry.npmjs.org/is-map/-/is-map-2.0.3.tgz 0ms (cache hit)
151 http cache is-glob@https://registry.npmjs.org/is-glob/-/is-glob-4.0.3.tgz 0ms (cache hit)
152 http cache is-fullwidth-code-point@https://registry.npmjs.org/is-fullwidth-code-point/-/is-fullwidth-code-point-3.0.0.tgz 0ms (cache hit)
153 http cache is-date-object@https://registry.npmjs.org/is-date-object/-/is-date-object-1.1.0.tgz 0ms (cache hit)
154 http cache is-callable@https://registry.npmjs.org/is-callable/-/is-callable-1.2.7.tgz 0ms (cache hit)
155 http cache is-binary-path@https://registry.npmjs.org/is-binary-path/-/is-binary-path-2.1.0.tgz 0ms (cache hit)
156 http cache is-bigint@https://registry.npmjs.org/is-bigint/-/is-bigint-1.1.0.tgz 0ms (cache hit)
157 http cache is-boolean-object@https://registry.npmjs.org/is-boolean-object/-/is-boolean-object-1.2.2.tgz 0ms (cache hit)
158 http cache is-array-buffer@https://registry.npmjs.org/is-array-buffer/-/is-array-buffer-3.0.5.tgz 0ms (cache hit)
159 http cache internal-slot@https://registry.npmjs.org/internal-slot/-/internal-slot-1.1.0.tgz 0ms (cache hit)
160 http cache is-arguments@https://registry.npmjs.org/is-arguments/-/is-arguments-1.2.0.tgz 0ms (cache hit)
161 http cache ipaddr.js@https://registry.npmjs.org/ipaddr.js/-/ipaddr.js-1.9.1.tgz 0ms (cache hit)
162 http cache iconv-lite@https://registry.npmjs.org/iconv-lite/-/iconv-lite-0.4.24.tgz 0ms (cache hit)
163 http cache is-extglob@https://registry.npmjs.org/is-extglob/-/is-extglob-2.1.1.tgz 0ms (cache hit)
164 http cache is-string@https://registry.npmjs.org/is-string/-/is-string-1.1.1.tgz 0ms (cache hit)
165 http cache ignore-by-default@https://registry.npmjs.org/ignore-by-default/-/ignore-by-default-1.0.1.tgz 0ms (cache hit)
166 http cache http-errors@https://registry.npmjs.org/http-errors/-/http-errors-2.0.1.tgz 0ms (cache hit)
167 http cache has-tostringtag@https://registry.npmjs.org/has-tostringtag/-/has-tostringtag-1.0.2.tgz 0ms (cache hit)
168 http cache hasown@https://registry.npmjs.org/hasown/-/hasown-2.0.2.tgz 0ms (cache hit)
169 http cache has-symbols@https://registry.npmjs.org/has-symbols/-/has-symbols-1.1.0.tgz 0ms (cache hit)
170 http cache inherits@https://registry.npmjs.org/inherits/-/inherits-2.0.4.tgz 0ms (cache hit)
171 http cache has-property-descriptors@https://registry.npmjs.org/has-property-descriptors/-/has-property-descriptors-1.0.2.tgz 0ms (cache hit)
172 http cache helmet@https://registry.npmjs.org/helmet/-/helmet-7.2.0.tgz 0ms (cache hit)
173 http cache has-flag@https://registry.npmjs.org/has-flag/-/has-flag-3.0.0.tgz 0ms (cache hit)
174 http cache glob-parent@https://registry.npmjs.org/glob-parent/-/glob-parent-5.1.2.tgz 0ms (cache hit)
175 http cache get-proto@https://registry.npmjs.org/get-proto/-/get-proto-1.0.1.tgz 0ms (cache hit)
176 http cache gopd@https://registry.npmjs.org/gopd/-/gopd-1.2.0.tgz 0ms (cache hit)
177 http cache get-intrinsic@https://registry.npmjs.org/get-intrinsic/-/get-intrinsic-1.3.0.tgz 0ms (cache hit)
178 http cache get-caller-file@https://registry.npmjs.org/get-caller-file/-/get-caller-file-2.0.5.tgz 0ms (cache hit)
179 http cache has-bigints@https://registry.npmjs.org/has-bigints/-/has-bigints-1.1.0.tgz 0ms (cache hit)
180 http cache function-bind@https://registry.npmjs.org/function-bind/-/function-bind-1.1.2.tgz 0ms (cache hit)
181 http cache fresh@https://registry.npmjs.org/fresh/-/fresh-0.5.2.tgz 0ms (cache hit)
182 http cache forwarded@https://registry.npmjs.org/forwarded/-/forwarded-0.2.0.tgz 0ms (cache hit)
183 http cache fontkit@https://registry.npmjs.org/fontkit/-/fontkit-1.9.0.tgz 0ms (cache hit)
184 http cache for-each@https://registry.npmjs.org/for-each/-/for-each-0.3.5.tgz 0ms (cache hit)
185 http cache fill-range@https://registry.npmjs.org/fill-range/-/fill-range-7.1.1.tgz 0ms (cache hit)
186 http cache finalhandler@https://registry.npmjs.org/finalhandler/-/finalhandler-1.3.2.tgz 0ms (cache hit)
187 http cache express-validator@https://registry.npmjs.org/express-validator/-/express-validator-7.3.1.tgz 0ms (cache hit)
188 http cache find-up@https://registry.npmjs.org/find-up/-/find-up-4.1.0.tgz 0ms (cache hit)
189 http cache functions-have-names@https://registry.npmjs.org/functions-have-names/-/functions-have-names-1.2.3.tgz 0ms (cache hit)
190 http cache escape-html@https://registry.npmjs.org/escape-html/-/escape-html-1.0.3.tgz 0ms (cache hit)
191 http cache etag@https://registry.npmjs.org/etag/-/etag-1.8.1.tgz 0ms (cache hit)
192 http cache es-get-iterator@https://registry.npmjs.org/es-get-iterator/-/es-get-iterator-1.1.3.tgz 0ms (cache hit)
193 http cache es-object-atoms@https://registry.npmjs.org/es-object-atoms/-/es-object-atoms-1.1.1.tgz 0ms (cache hit)
194 http cache express@https://registry.npmjs.org/express/-/express-4.22.1.tgz 0ms (cache hit)
195 http cache es-errors@https://registry.npmjs.org/es-errors/-/es-errors-1.3.0.tgz 0ms (cache hit)
196 http cache encodeurl@https://registry.npmjs.org/encodeurl/-/encodeurl-2.0.0.tgz 0ms (cache hit)
197 http cache es-define-property@https://registry.npmjs.org/es-define-property/-/es-define-property-1.0.1.tgz 0ms (cache hit)
198 http cache emoji-regex@https://registry.npmjs.org/emoji-regex/-/emoji-regex-8.0.0.tgz 0ms (cache hit)
199 http cache ee-first@https://registry.npmjs.org/ee-first/-/ee-first-1.1.1.tgz 0ms (cache hit)
200 http cache ecdsa-sig-formatter@https://registry.npmjs.org/ecdsa-sig-formatter/-/ecdsa-sig-formatter-1.0.11.tgz 0ms (cache hit)
201 http cache dotenv@https://registry.npmjs.org/dotenv/-/dotenv-16.6.1.tgz 1ms (cache hit)
202 http cache dunder-proto@https://registry.npmjs.org/dunder-proto/-/dunder-proto-1.0.1.tgz 0ms (cache hit)
203 http cache dijkstrajs@https://registry.npmjs.org/dijkstrajs/-/dijkstrajs-1.0.3.tgz 0ms (cache hit)
204 http cache dfa@https://registry.npmjs.org/dfa/-/dfa-1.2.0.tgz 0ms (cache hit)
205 http cache destroy@https://registry.npmjs.org/destroy/-/destroy-1.2.0.tgz 0ms (cache hit)
206 http cache depd@https://registry.npmjs.org/depd/-/depd-2.0.0.tgz 0ms (cache hit)
207 http cache define-properties@https://registry.npmjs.org/define-properties/-/define-properties-1.2.1.tgz 0ms (cache hit)
208 http cache define-data-property@https://registry.npmjs.org/define-data-property/-/define-data-property-1.1.4.tgz 0ms (cache hit)
209 http cache decamelize@https://registry.npmjs.org/decamelize/-/decamelize-1.2.0.tgz 0ms (cache hit)
210 http cache deep-equal@https://registry.npmjs.org/deep-equal/-/deep-equal-2.2.3.tgz 0ms (cache hit)
211 http cache debug@https://registry.npmjs.org/debug/-/debug-2.6.9.tgz 0ms (cache hit)
212 http cache crypto-js@https://registry.npmjs.org/crypto-js/-/crypto-js-4.2.0.tgz 0ms (cache hit)
213 http cache cors@https://registry.npmjs.org/cors/-/cors-2.8.6.tgz 0ms (cache hit)
214 http cache core-util-is@https://registry.npmjs.org/core-util-is/-/core-util-is-1.0.3.tgz 0ms (cache hit)
215 http cache core-js@https://registry.npmjs.org/core-js/-/core-js-3.49.0.tgz 0ms (cache hit)
216 http cache cookie-signature@https://registry.npmjs.org/cookie-signature/-/cookie-signature-1.0.7.tgz 0ms (cache hit)
217 http cache cookie@https://registry.npmjs.org/cookie/-/cookie-0.7.2.tgz 0ms (cache hit)
218 http cache content-type@https://registry.npmjs.org/content-type/-/content-type-1.0.5.tgz 0ms (cache hit)
219 http cache content-disposition@https://registry.npmjs.org/content-disposition/-/content-disposition-0.5.4.tgz 0ms (cache hit)
220 http cache concat-stream@https://registry.npmjs.org/concat-stream/-/concat-stream-1.6.2.tgz 0ms (cache hit)
221 http cache compression@https://registry.npmjs.org/compression/-/compression-1.8.1.tgz 0ms (cache hit)
222 http cache compressible@https://registry.npmjs.org/compressible/-/compressible-2.0.18.tgz 0ms (cache hit)
223 http cache color-convert@https://registry.npmjs.org/color-convert/-/color-convert-2.0.1.tgz 0ms (cache hit)
224 http cache cloudinary-core@https://registry.npmjs.org/cloudinary-core/-/cloudinary-core-2.14.1.tgz 0ms (cache hit)
225 http cache cloudinary@https://registry.npmjs.org/cloudinary/-/cloudinary-1.41.3.tgz 0ms (cache hit)
226 http cache cliui@https://registry.npmjs.org/cliui/-/cliui-6.0.0.tgz 0ms (cache hit)
227 http cache color-name@https://registry.npmjs.org/color-name/-/color-name-1.1.4.tgz 0ms (cache hit)
228 http cache chokidar@https://registry.npmjs.org/chokidar/-/chokidar-3.6.0.tgz 0ms (cache hit)
229 http cache call-bound@https://registry.npmjs.org/call-bound/-/call-bound-1.0.4.tgz 0ms (cache hit)
230 http cache clone@https://registry.npmjs.org/clone/-/clone-2.1.2.tgz 0ms (cache hit)
231 http cache call-bind-apply-helpers@https://registry.npmjs.org/call-bind-apply-helpers/-/call-bind-apply-helpers-1.0.2.tgz 0ms (cache hit)
232 http cache busboy@https://registry.npmjs.org/busboy/-/busboy-1.6.0.tgz 0ms (cache hit)
233 http cache express-rate-limit@https://registry.npmjs.org/express-rate-limit/-/express-rate-limit-7.5.1.tgz 0ms (cache hit)
234 http cache brotli@https://registry.npmjs.org/brotli/-/brotli-1.3.3.tgz 0ms (cache hit)
235 http cache bytes@https://registry.npmjs.org/bytes/-/bytes-3.1.2.tgz 0ms (cache hit)
236 http cache camelcase@https://registry.npmjs.org/camelcase/-/camelcase-5.3.1.tgz 0ms (cache hit)
237 http cache braces@https://registry.npmjs.org/braces/-/braces-3.0.3.tgz 0ms (cache hit)
238 http cache call-bind@https://registry.npmjs.org/call-bind/-/call-bind-1.0.8.tgz 0ms (cache hit)
239 http cache buffer-equal-constant-time@https://registry.npmjs.org/buffer-equal-constant-time/-/buffer-equal-constant-time-1.0.1.tgz 0ms (cache hit)
240 http cache buffer-from@https://registry.npmjs.org/buffer-from/-/buffer-from-1.1.2.tgz 0ms (cache hit)
241 http cache body-parser@https://registry.npmjs.org/body-parser/-/body-parser-1.20.4.tgz 0ms (cache hit)
242 http cache bcryptjs@https://registry.npmjs.org/bcryptjs/-/bcryptjs-2.4.3.tgz 0ms (cache hit)
243 http cache binary-extensions@https://registry.npmjs.org/binary-extensions/-/binary-extensions-2.3.0.tgz 0ms (cache hit)
244 http cache brace-expansion@https://registry.npmjs.org/brace-expansion/-/brace-expansion-5.0.4.tgz 0ms (cache hit)
245 http cache balanced-match@https://registry.npmjs.org/balanced-match/-/balanced-match-4.0.4.tgz 0ms (cache hit)
246 http cache array-flatten@https://registry.npmjs.org/array-flatten/-/array-flatten-1.1.1.tgz 0ms (cache hit)
247 http cache available-typed-arrays@https://registry.npmjs.org/available-typed-arrays/-/available-typed-arrays-1.0.7.tgz 0ms (cache hit)
248 http cache append-field@https://registry.npmjs.org/append-field/-/append-field-1.0.0.tgz 0ms (cache hit)
249 http cache @swc/helpers@https://registry.npmjs.org/@swc/helpers/-/helpers-0.3.17.tgz 0ms (cache hit)
250 http cache ansi-styles@https://registry.npmjs.org/ansi-styles/-/ansi-styles-4.3.0.tgz 0ms (cache hit)
251 http cache anymatch@https://registry.npmjs.org/anymatch/-/anymatch-3.1.3.tgz 0ms (cache hit)
252 http cache array-buffer-byte-length@https://registry.npmjs.org/array-buffer-byte-length/-/array-buffer-byte-length-1.0.2.tgz 0ms (cache hit)
253 http cache accepts@https://registry.npmjs.org/accepts/-/accepts-1.3.8.tgz 0ms (cache hit)
254 http cache base64-js@https://registry.npmjs.org/base64-js/-/base64-js-1.5.1.tgz 0ms (cache hit)
255 http cache ms@https://registry.npmjs.org/ms/-/ms-2.1.3.tgz 0ms (cache hit)
256 http cache ansi-regex@https://registry.npmjs.org/ansi-regex/-/ansi-regex-5.0.1.tgz 0ms (cache hit)
257 http cache isarray@https://registry.npmjs.org/isarray/-/isarray-1.0.0.tgz 0ms (cache hit)
258 http cache safe-buffer@https://registry.npmjs.org/safe-buffer/-/safe-buffer-5.1.2.tgz 0ms (cache hit)
259 http cache debug@https://registry.npmjs.org/debug/-/debug-4.4.3.tgz 0ms (cache hit)
260 http cache mime-db@https://registry.npmjs.org/mime-db/-/mime-db-1.52.0.tgz 0ms (cache hit)
261 http cache safe-buffer@https://registry.npmjs.org/safe-buffer/-/safe-buffer-5.1.2.tgz 0ms (cache hit)
262 http cache ms@https://registry.npmjs.org/ms/-/ms-2.1.3.tgz 0ms (cache hit)
263 http cache base64-js@https://registry.npmjs.org/base64-js/-/base64-js-0.0.8.tgz 0ms (cache hit)
264 http cache ms@https://registry.npmjs.org/ms/-/ms-2.1.3.tgz 0ms (cache hit)
265 http cache negotiator@https://registry.npmjs.org/negotiator/-/negotiator-0.6.3.tgz 0ms (cache hit)
266 warn deprecated q@1.5.1: You or someone you depend on is using Q, the JavaScript Promise library that gave JavaScript developers strong feelings about promises. They can almost certainly migrate to the native JavaScript promise now. Thank you literally everyone for joining me in this bet against the odds. Be excellent to each other.
266 warn deprecated
266 warn deprecated (For a CapTP with native promises, see @endo/eventual-send and @endo/captp)
267 warn deprecated multer@1.4.5-lts.2: Multer 1.x is impacted by a number of vulnerabilities, which have been patched in 2.x. You should upgrade to the latest 2.x version.
268 warn deprecated jpeg-exif@1.1.4: Package no longer supported. Contact Support at https://www.npmjs.com/support for more info.
269 http fetch POST 200 https://registry.npmjs.org/-/npm/v1/security/advisories/bulk 5970ms
270 silly audit report {
270 silly audit report   cloudinary: [
270 silly audit report     {
270 silly audit report       id: 1109723,
270 silly audit report       url: 'https://github.com/advisories/GHSA-g4mf-96x5-5m2c',
270 silly audit report       title: 'Cloudinary Node SDK is vulnerable to Arbitrary Argument Injection through parameters that include an ampersand',
270 silly audit report       severity: 'high',
270 silly audit report       vulnerable_versions: '<2.7.0',
270 silly audit report       cwe: [Array],
270 silly audit report       cvss: [Object]
270 silly audit report     }
270 silly audit report   ],
270 silly audit report   nodemailer: [
270 silly audit report     {
270 silly audit report       id: 1109804,
270 silly audit report       url: 'https://github.com/advisories/GHSA-mm7p-fcc7-pg87',
270 silly audit report       title: 'Nodemailer: Email to an unintended domain can occur due to Interpretation Conflict',
270 silly audit report       severity: 'moderate',
270 silly audit report       vulnerable_versions: '<7.0.7',
270 silly audit report       cwe: [Array],
270 silly audit report       cvss: [Object]
270 silly audit report     },
270 silly audit report     {
270 silly audit report       id: 1113165,
270 silly audit report       url: 'https://github.com/advisories/GHSA-rcmh-qjqh-p98v',
270 silly audit report       title: 'Nodemailer’s addressparser is vulnerable to DoS caused by recursive calls',
270 silly audit report       severity: 'high',
270 silly audit report       vulnerable_versions: '<=7.0.10',
270 silly audit report       cwe: [Array],
270 silly audit report       cvss: [Object]
270 silly audit report     }
270 silly audit report   ]
270 silly audit report }
271 silly packumentCache corgi:https://registry.npmjs.org/cloudinary cache-miss
272 silly packumentCache corgi:https://registry.npmjs.org/nodemailer cache-miss
273 http cache https://registry.npmjs.org/cloudinary 71ms (cache hit)
274 silly packumentCache corgi:https://registry.npmjs.org/cloudinary set size:156999 disposed:false
275 http cache https://registry.npmjs.org/nodemailer 82ms (cache hit)
276 silly packumentCache corgi:https://registry.npmjs.org/nodemailer set size:307722 disposed:false
277 silly packumentCache corgi:https://registry.npmjs.org/multer-storage-cloudinary cache-miss
278 http cache https://registry.npmjs.org/multer-storage-cloudinary 21ms (cache hit)
279 silly packumentCache corgi:https://registry.npmjs.org/multer-storage-cloudinary set size:7760 disposed:false
280 info run core-js@3.49.0 postinstall node_modules/core-js node -e "try{require('./postinstall')}catch(e){}"
281 info run core-js@3.49.0 postinstall { code: 0, signal: null }
282 silly ADD node_modules/yargs-parser
283 silly ADD node_modules/yargs
284 silly ADD node_modules/y18n
285 silly ADD node_modules/xtend
286 silly ADD node_modules/wrap-ansi
287 silly ADD node_modules/which-typed-array
288 silly ADD node_modules/which-module
289 silly ADD node_modules/which-collection
290 silly ADD node_modules/which-boxed-primitive
291 silly ADD node_modules/vary
292 silly ADD node_modules/validator
293 silly ADD node_modules/uuid
294 silly ADD node_modules/utils-merge
295 silly ADD node_modules/util-deprecate
296 silly ADD node_modules/unpipe
297 silly ADD node_modules/unicode-trie
298 silly ADD node_modules/unicode-properties
299 silly ADD node_modules/undefsafe
300 silly ADD node_modules/typedarray
301 silly ADD node_modules/type-is
302 silly ADD node_modules/tslib
303 silly ADD node_modules/touch
304 silly ADD node_modules/toidentifier
305 silly ADD node_modules/to-regex-range
306 silly ADD node_modules/tiny-inflate
307 silly ADD node_modules/supports-color
308 silly ADD node_modules/strip-ansi
309 silly ADD node_modules/string-width
310 silly ADD node_modules/string_decoder
311 silly ADD node_modules/string_decoder/node_modules/safe-buffer
312 silly ADD node_modules/streamsearch
313 silly ADD node_modules/stop-iteration-iterator
314 silly ADD node_modules/statuses
315 silly ADD node_modules/split2
316 silly ADD node_modules/simple-update-notifier
317 silly ADD node_modules/side-channel-weakmap
318 silly ADD node_modules/side-channel-map
319 silly ADD node_modules/side-channel-list
320 silly ADD node_modules/side-channel
321 silly ADD node_modules/setprototypeof
322 silly ADD node_modules/set-function-name
323 silly ADD node_modules/set-function-length
324 silly ADD node_modules/set-blocking
325 silly ADD node_modules/serve-static
326 silly ADD node_modules/send
327 silly ADD node_modules/send/node_modules/ms
328 silly ADD node_modules/semver
329 silly ADD node_modules/safer-buffer
330 silly ADD node_modules/safe-regex-test
331 silly ADD node_modules/safe-buffer
332 silly ADD node_modules/restructure
333 silly ADD node_modules/require-main-filename
334 silly ADD node_modules/require-directory
335 silly ADD node_modules/regexp.prototype.flags
336 silly ADD node_modules/readdirp
337 silly ADD node_modules/readable-stream
338 silly ADD node_modules/readable-stream/node_modules/safe-buffer
339 silly ADD node_modules/readable-stream/node_modules/isarray
340 silly ADD node_modules/raw-body
341 silly ADD node_modules/range-parser
342 silly ADD node_modules/qs
343 silly ADD node_modules/qrcode
344 silly ADD node_modules/q
345 silly ADD node_modules/pstree.remy
346 silly ADD node_modules/proxy-addr
347 silly ADD node_modules/process-nextick-args
348 silly ADD node_modules/postgres-interval
349 silly ADD node_modules/postgres-date
350 silly ADD node_modules/postgres-bytea
351 silly ADD node_modules/postgres-array
352 silly ADD node_modules/possible-typed-array-names
353 silly ADD node_modules/pngjs
354 silly ADD node_modules/png-js
355 silly ADD node_modules/picomatch
356 silly ADD node_modules/pgpass
357 silly ADD node_modules/pg-types
358 silly ADD node_modules/pg-protocol
359 silly ADD node_modules/pg-pool
360 silly ADD node_modules/pg-int8
361 silly ADD node_modules/pg-connection-string
362 silly ADD node_modules/pg-cloudflare
363 silly ADD node_modules/pg
364 silly ADD node_modules/pdfkit
365 silly ADD node_modules/path-to-regexp
366 silly ADD node_modules/path-exists
367 silly ADD node_modules/parseurl
368 silly ADD node_modules/pako
369 silly ADD node_modules/p-try
370 silly ADD node_modules/p-locate
371 silly ADD node_modules/p-limit
372 silly ADD node_modules/on-headers
373 silly ADD node_modules/on-finished
374 silly ADD node_modules/object.assign
375 silly ADD node_modules/object-keys
376 silly ADD node_modules/object-is
377 silly ADD node_modules/object-inspect
378 silly ADD node_modules/object-assign
379 silly ADD node_modules/normalize-path
380 silly ADD node_modules/nodemon
381 silly ADD node_modules/nodemon/node_modules/ms
382 silly ADD node_modules/nodemon/node_modules/debug
383 silly ADD node_modules/nodemailer
384 silly ADD node_modules/negotiator
385 silly ADD node_modules/multer-storage-cloudinary
386 silly ADD node_modules/multer
387 silly ADD node_modules/ms
388 silly ADD node_modules/mkdirp
389 silly ADD node_modules/minimist
390 silly ADD node_modules/minimatch
391 silly ADD node_modules/mime-types
392 silly ADD node_modules/mime-types/node_modules/mime-db
393 silly ADD node_modules/mime-db
394 silly ADD node_modules/mime
395 silly ADD node_modules/methods
396 silly ADD node_modules/merge-descriptors
397 silly ADD node_modules/media-typer
398 silly ADD node_modules/math-intrinsics
399 silly ADD node_modules/lodash.once
400 silly ADD node_modules/lodash.isstring
401 silly ADD node_modules/lodash.isplainobject
402 silly ADD node_modules/lodash.isnumber
403 silly ADD node_modules/lodash.isinteger
404 silly ADD node_modules/lodash.isboolean
405 silly ADD node_modules/lodash.includes
406 silly ADD node_modules/lodash
407 silly ADD node_modules/locate-path
408 silly ADD node_modules/linebreak
409 silly ADD node_modules/linebreak/node_modules/base64-js
410 silly ADD node_modules/jws
411 silly ADD node_modules/jwa
412 silly ADD node_modules/jsonwebtoken
413 silly ADD node_modules/jsonwebtoken/node_modules/ms
414 silly ADD node_modules/jpeg-exif
415 silly ADD node_modules/isarray
416 silly ADD node_modules/is-weakset
417 silly ADD node_modules/is-weakmap
418 silly ADD node_modules/is-symbol
419 silly ADD node_modules/is-string
420 silly ADD node_modules/is-shared-array-buffer
421 silly ADD node_modules/is-set
422 silly ADD node_modules/is-regex
423 silly ADD node_modules/is-number-object
424 silly ADD node_modules/is-number
425 silly ADD node_modules/is-map
426 silly ADD node_modules/is-glob
427 silly ADD node_modules/is-fullwidth-code-point
428 silly ADD node_modules/is-extglob
429 silly ADD node_modules/is-date-object
430 silly ADD node_modules/is-callable
431 silly ADD node_modules/is-boolean-object
432 silly ADD node_modules/is-binary-path
433 silly ADD node_modules/is-bigint
434 silly ADD node_modules/is-array-buffer
435 silly ADD node_modules/is-arguments
436 silly ADD node_modules/ipaddr.js
437 silly ADD node_modules/internal-slot
438 silly ADD node_modules/inherits
439 silly ADD node_modules/ignore-by-default
440 silly ADD node_modules/iconv-lite
441 silly ADD node_modules/http-errors
442 silly ADD node_modules/helmet
443 silly ADD node_modules/hasown
444 silly ADD node_modules/has-tostringtag
445 silly ADD node_modules/has-symbols
446 silly ADD node_modules/has-property-descriptors
447 silly ADD node_modules/has-flag
448 silly ADD node_modules/has-bigints
449 silly ADD node_modules/gopd
450 silly ADD node_modules/glob-parent
451 silly ADD node_modules/get-proto
452 silly ADD node_modules/get-intrinsic
453 silly ADD node_modules/get-caller-file
454 silly ADD node_modules/functions-have-names
455 silly ADD node_modules/function-bind
456 silly ADD node_modules/fresh
457 silly ADD node_modules/forwarded
458 silly ADD node_modules/for-each
459 silly ADD node_modules/fontkit
460 silly ADD node_modules/find-up
461 silly ADD node_modules/finalhandler
462 silly ADD node_modules/fill-range
463 silly ADD node_modules/express-validator
464 silly ADD node_modules/express-rate-limit
465 silly ADD node_modules/express
466 silly ADD node_modules/etag
467 silly ADD node_modules/escape-html
468 silly ADD node_modules/es-object-atoms
469 silly ADD node_modules/es-get-iterator
470 silly ADD node_modules/es-errors
471 silly ADD node_modules/es-define-property
472 silly ADD node_modules/encodeurl
473 silly ADD node_modules/emoji-regex
474 silly ADD node_modules/ee-first
475 silly ADD node_modules/ecdsa-sig-formatter
476 silly ADD node_modules/dunder-proto
477 silly ADD node_modules/dotenv
478 silly ADD node_modules/dijkstrajs
479 silly ADD node_modules/dfa
480 silly ADD node_modules/destroy
481 silly ADD node_modules/depd
482 silly ADD node_modules/define-properties
483 silly ADD node_modules/define-data-property
484 silly ADD node_modules/deep-equal
485 silly ADD node_modules/decamelize
486 silly ADD node_modules/debug
487 silly ADD node_modules/crypto-js
488 silly ADD node_modules/cors
489 silly ADD node_modules/core-util-is
490 silly ADD node_modules/core-js
491 silly ADD node_modules/cookie-signature
492 silly ADD node_modules/cookie
493 silly ADD node_modules/content-type
494 silly ADD node_modules/content-disposition
495 silly ADD node_modules/concat-stream
496 silly ADD node_modules/compression
497 silly ADD node_modules/compressible
498 silly ADD node_modules/color-name
499 silly ADD node_modules/color-convert
500 silly ADD node_modules/cloudinary-core
501 silly ADD node_modules/cloudinary
502 silly ADD node_modules/clone
503 silly ADD node_modules/cliui
504 silly ADD node_modules/chokidar
505 silly ADD node_modules/camelcase
506 silly ADD node_modules/call-bound
507 silly ADD node_modules/call-bind-apply-helpers
508 silly ADD node_modules/call-bind
509 silly ADD node_modules/bytes
510 silly ADD node_modules/busboy
511 silly ADD node_modules/buffer-from
512 silly ADD node_modules/buffer-equal-constant-time
513 silly ADD node_modules/brotli
514 silly ADD node_modules/braces
515 silly ADD node_modules/brace-expansion
516 silly ADD node_modules/body-parser
517 silly ADD node_modules/binary-extensions
518 silly ADD node_modules/bcryptjs
519 silly ADD node_modules/base64-js
520 silly ADD node_modules/balanced-match
521 silly ADD node_modules/available-typed-arrays
522 silly ADD node_modules/array-flatten
523 silly ADD node_modules/array-buffer-byte-length
524 silly ADD node_modules/append-field
525 silly ADD node_modules/anymatch
526 silly ADD node_modules/ansi-styles
527 silly ADD node_modules/ansi-regex
528 silly ADD node_modules/accepts
529 silly ADD node_modules/accepts/node_modules/negotiator
530 silly ADD node_modules/@swc/helpers
531 verbose cwd C:\Users\kimson\OneDrive\Desktop\eventflow (1)\eventflow\backend
532 verbose os Windows_NT 10.0.26200
533 verbose node v24.13.1
534 verbose npm  v11.10.1
535 verbose exit 0
536 info ok
